2022-09-01 19:26:11 INFO  (LoggingInitialization) Using log config file: jar:file:/D:/PortableApps/ghidraPortable/App/ghidra_10.1.5_PUBLIC/Ghidra/Framework/Generic/lib/Generic.jar!/generic.log4j.xml  
2022-09-01 19:26:11 INFO  (LoggingInitialization) Using log file: C:\Users\thies\.ghidra\.ghidra_10.1.5_PUBLIC\application.log  
2022-09-01 19:26:11 INFO  (Preferences) Loading user preferences: C:\Users\thies\.ghidra\.ghidra_10.1.5_PUBLIC\preferences  
2022-09-01 19:26:19 INFO  (ClassSearcher) Class search complete (4429 ms)  
2022-09-01 19:26:19 INFO  (SSLContextInitializer) Initializing SSL Context  
2022-09-01 19:26:19 INFO  (SecureRandomFactory) Initializing Random Number Generator...  
2022-09-01 19:26:19 INFO  (SecureRandomFactory) Random Number Generator initialization complete: SHA1PRNG  
2022-09-01 19:26:19 INFO  (ApplicationTrustManagerFactory) Trust manager disabled, cacerts have not been set  
2022-09-01 19:26:19 INFO  (GhidraRun) User thies started Ghidra.  
2022-09-01 19:26:20 DEBUG (DefaultProjectManager) No tools found; Installing default tools  
2022-09-01 19:26:20 DEBUG (DefaultProjectManager) 	no recent project directories found  
2022-09-01 19:26:21 DEBUG (RecoverySnapshotMgrPlugin) Recovery snapshot timer set to 5 minute(s)  
2022-09-01 19:44:47 INFO  (LoggingInitialization) Using log config file: jar:file:/D:/PortableApps/ghidraPortable/App/ghidra_10.1.5_PUBLIC/Ghidra/Framework/Generic/lib/Generic.jar!/generic.log4j.xml  
2022-09-01 19:44:47 INFO  (LoggingInitialization) Using log file: C:\Users\thies\.ghidra\.ghidra_10.1.5_PUBLIC\application.log  
2022-09-01 19:44:47 INFO  (Preferences) Loading user preferences: C:\Users\thies\.ghidra\.ghidra_10.1.5_PUBLIC\preferences  
2022-09-01 19:49:21 INFO  (LoggingInitialization) Using log config file: jar:file:/D:/PortableApps/ghidraPortable/App/ghidra_10.1.5_PUBLIC/Ghidra/Framework/Generic/lib/Generic.jar!/generic.log4j.xml  
2022-09-01 19:49:21 INFO  (LoggingInitialization) Using log file: C:\Users\thies\.ghidra\.ghidra_10.1.5_PUBLIC\application.log  
2022-09-01 19:49:21 INFO  (Preferences) Loading user preferences: C:\Users\thies\.ghidra\.ghidra_10.1.5_PUBLIC\preferences  
2022-09-01 19:52:00 INFO  (LoggingInitialization) Using log config file: jar:file:/D:/PortableApps/ghidraPortable/App/ghidra_10.1.5_PUBLIC/Ghidra/Framework/Generic/lib/Generic.jar!/generic.log4j.xml  
2022-09-01 19:52:01 INFO  (LoggingInitialization) Using log file: C:\Users\thies\.ghidra\.ghidra_10.1.5_PUBLIC\application.log  
2022-09-01 19:52:01 INFO  (Preferences) Loading user preferences: C:\Users\thies\.ghidra\.ghidra_10.1.5_PUBLIC\preferences  
2022-09-01 20:13:08 INFO  (LoggingInitialization) Using log config file: jar:file:/D:/PortableApps/ghidraPortable/App/ghidra_10.1.5_PUBLIC/Ghidra/Framework/Generic/lib/Generic.jar!/generic.log4j.xml  
2022-09-01 20:13:08 INFO  (LoggingInitialization) Using log file: C:\Users\thies\.ghidra\.ghidra_10.1.5_PUBLIC\application.log  
2022-09-01 20:13:08 INFO  (Preferences) Loading user preferences: C:\Users\thies\.ghidra\.ghidra_10.1.5_PUBLIC\preferences  
2022-09-01 20:17:14 INFO  (LoggingInitialization) Using log config file: jar:file:/D:/PortableApps/ghidraPortable/App/ghidra_10.1.5_PUBLIC/Ghidra/Framework/Generic/lib/Generic.jar!/generic.log4j.xml  
2022-09-01 20:17:14 INFO  (LoggingInitialization) Using log file: C:\Users\thies\.ghidra\.ghidra_10.1.5_PUBLIC\application.log  
2022-09-01 20:17:14 INFO  (Preferences) Loading user preferences: C:\Users\thies\.ghidra\.ghidra_10.1.5_PUBLIC\preferences  
2022-09-01 20:19:03 INFO  (LoggingInitialization) Using log config file: jar:file:/D:/PortableApps/ghidraPortable/App/ghidra_10.1.5_PUBLIC/Ghidra/Framework/Generic/lib/Generic.jar!/generic.log4j.xml  
2022-09-01 20:19:03 INFO  (LoggingInitialization) Using log file: C:\Users\thies\.ghidra\.ghidra_10.1.5_PUBLIC\application.log  
2022-09-01 20:19:03 INFO  (Preferences) Loading user preferences: C:\Users\thies\.ghidra\.ghidra_10.1.5_PUBLIC\preferences  
2022-09-01 20:19:05 INFO  (ClassSearcher) Class search complete (1360 ms)  
2022-09-01 20:19:05 INFO  (SSLContextInitializer) Initializing SSL Context  
2022-09-01 20:19:05 INFO  (SecureRandomFactory) Initializing Random Number Generator...  
2022-09-01 20:19:05 INFO  (SecureRandomFactory) Random Number Generator initialization complete: SHA1PRNG  
2022-09-01 20:19:05 INFO  (ApplicationTrustManagerFactory) Trust manager disabled, cacerts have not been set  
2022-09-01 20:19:05 INFO  (GhidraRun) User thies started Ghidra.  
2022-09-01 20:19:05 DEBUG (RecoverySnapshotMgrPlugin) Recovery snapshot timer set to 5 minute(s)  
2022-09-01 20:22:29 INFO  (LoggingInitialization) Using log config file: jar:file:/D:/PortableApps/ghidraPortable/App/ghidra_10.1.5_PUBLIC/Ghidra/Framework/Generic/lib/Generic.jar!/generic.log4j.xml  
2022-09-01 20:22:29 INFO  (LoggingInitialization) Using log file: C:\Users\thies\.ghidra\.ghidra_10.1.5_PUBLIC\application.log  
2022-09-01 20:22:29 INFO  (Preferences) Loading user preferences: C:\Users\thies\.ghidra\.ghidra_10.1.5_PUBLIC\preferences  
2022-09-01 20:24:54 INFO  (LoggingInitialization) Using log config file: jar:file:/D:/PortableApps/ghidraPortable/App/ghidra_10.1.5_PUBLIC/Ghidra/Framework/Generic/lib/Generic.jar!/generic.log4j.xml  
2022-09-01 20:24:54 INFO  (LoggingInitialization) Using log file: C:\Users\thies\.ghidra\.ghidra_10.1.5_PUBLIC\application.log  
2022-09-01 20:24:54 INFO  (Preferences) Loading user preferences: C:\Users\thies\.ghidra\.ghidra_10.1.5_PUBLIC\preferences  
2022-09-01 20:24:56 INFO  (ClassSearcher) Class search complete (1265 ms)  
2022-09-01 20:24:56 INFO  (SSLContextInitializer) Initializing SSL Context  
2022-09-01 20:24:56 INFO  (SecureRandomFactory) Initializing Random Number Generator...  
2022-09-01 20:24:56 INFO  (SecureRandomFactory) Random Number Generator initialization complete: SHA1PRNG  
2022-09-01 20:24:56 INFO  (ApplicationTrustManagerFactory) Trust manager disabled, cacerts have not been set  
2022-09-01 20:24:56 INFO  (GhidraRun) User thies started Ghidra.  
2022-09-01 20:24:57 DEBUG (RecoverySnapshotMgrPlugin) Recovery snapshot timer set to 5 minute(s)  
